16:55:53 INFO  : Registering command handlers for SDK TCF services
16:55:53 INFO  : Launching XSCT server: xsct.bat -interactive C:\Users\sajja\OneDrive\Desktop\Taksun_zynq_1\ch6\BRAM\BRAM.sdk\temp_xsdb_launch_script.tcl
16:55:55 INFO  : XSCT server has started successfully.
16:55:56 INFO  : Successfully done setting XSCT server connection channel  
16:55:56 INFO  : Successfully done setting SDK workspace  
16:55:56 INFO  : Processing command line option -hwspec C:/Users/sajja/OneDrive/Desktop/Taksun_zynq_1/ch6/BRAM/BRAM.sdk/design_1_wrapper.hdf.
17:13:18 INFO  : Connected to target on host '127.0.0.1' and port '3121'.
17:13:33 INFO  : Connected to target on host '127.0.0.1' and port '3121'.
17:13:33 INFO  : Jtag cable 'Digilent JTAG-HS2 201809055318' is selected.
17:13:33 INFO  : 'jtag frequency' command is executed.
17:13:33 INFO  : Sourcing of 'C:/Users/sajja/OneDrive/Desktop/Taksun_zynq_1/ch6/BRAM/BRAM.sdk/design_1_wrapper_hw_platform_0/ps7_init.tcl' is done.
17:13:33 INFO  : Context for 'APU' is selected.
17:13:33 INFO  : System reset is completed.
17:13:36 INFO  : 'after 3000' command is executed.
17:13:36 INFO  : 'targets -set -filter {jtag_cable_name =~ "Digilent JTAG-HS2 201809055318" && level==0} -index 1' command is executed.
17:13:38 INFO  : FPGA configured successfully with bitstream "C:/Users/sajja/OneDrive/Desktop/Taksun_zynq_1/ch6/BRAM/BRAM.sdk/design_1_wrapper_hw_platform_0/design_1_wrapper.bit"
17:13:38 INFO  : Context for 'APU' is selected.
17:13:38 INFO  : Hardware design information is loaded from 'C:/Users/sajja/OneDrive/Desktop/Taksun_zynq_1/ch6/BRAM/BRAM.sdk/design_1_wrapper_hw_platform_0/system.hdf'.
17:13:38 INFO  : 'configparams force-mem-access 1' command is executed.
17:13:38 INFO  : Context for 'APU' is selected.
17:13:39 INFO  : 'ps7_init' command is executed.
17:13:39 INFO  : 'ps7_post_config' command is executed.
17:13:39 INFO  : Context for processor 'ps7_cortexa9_0' is selected.
17:13:39 INFO  : The application 'C:/Users/sajja/OneDrive/Desktop/Taksun_zynq_1/ch6/BRAM/BRAM.sdk/bram/Debug/bram.elf' is downloaded to processor 'ps7_cortexa9_0'.
17:13:39 INFO  : 'configparams force-mem-access 0' command is executed.
17:13:39 INFO  : ----------------XSDB Script----------------
connect -url tcp:127.0.0.1:3121
source C:/Users/sajja/OneDrive/Desktop/Taksun_zynq_1/ch6/BRAM/BRAM.sdk/design_1_wrapper_hw_platform_0/ps7_init.tcl
targets -set -nocase -filter {name =~"APU*" && jtag_cable_name =~ "Digilent JTAG-HS2 201809055318"} -index 0
rst -system
after 3000
targets -set -filter {jtag_cable_name =~ "Digilent JTAG-HS2 201809055318" && level==0} -index 1
fpga -file C:/Users/sajja/OneDrive/Desktop/Taksun_zynq_1/ch6/BRAM/BRAM.sdk/design_1_wrapper_hw_platform_0/design_1_wrapper.bit
targets -set -nocase -filter {name =~"APU*" && jtag_cable_name =~ "Digilent JTAG-HS2 201809055318"} -index 0
loadhw -hw C:/Users/sajja/OneDrive/Desktop/Taksun_zynq_1/ch6/BRAM/BRAM.sdk/design_1_wrapper_hw_platform_0/system.hdf -mem-ranges [list {0x40000000 0xbfffffff}]
configparams force-mem-access 1
targets -set -nocase -filter {name =~"APU*" && jtag_cable_name =~ "Digilent JTAG-HS2 201809055318"} -index 0
ps7_init
ps7_post_config
targets -set -nocase -filter {name =~ "ARM*#0" && jtag_cable_name =~ "Digilent JTAG-HS2 201809055318"} -index 0
dow C:/Users/sajja/OneDrive/Desktop/Taksun_zynq_1/ch6/BRAM/BRAM.sdk/bram/Debug/bram.elf
configparams force-mem-access 0
----------------End of Script----------------

17:13:39 INFO  : Memory regions updated for context APU
17:13:39 INFO  : Context for processor 'ps7_cortexa9_0' is selected.
17:13:39 INFO  : 'con' command is executed.
17:13:39 INFO  : ----------------XSDB Script (After Launch)----------------
targets -set -nocase -filter {name =~ "ARM*#0" && jtag_cable_name =~ "Digilent JTAG-HS2 201809055318"} -index 0
con
----------------End of Script----------------

17:13:39 INFO  : Launch script is exported to file 'C:\Users\sajja\OneDrive\Desktop\Taksun_zynq_1\ch6\BRAM\BRAM.sdk\.sdk\launch_scripts\xilinx_c-c++_application_(system_debugger)\system_debugger_on_local.tcl'
17:14:59 INFO  : Disconnected from the channel tcfchan#1.
17:15:00 INFO  : Connected to target on host '127.0.0.1' and port '3121'.
17:15:00 INFO  : Jtag cable 'Digilent JTAG-HS2 201809055318' is selected.
17:15:00 INFO  : 'jtag frequency' command is executed.
17:15:00 INFO  : Sourcing of 'C:/Users/sajja/OneDrive/Desktop/Taksun_zynq_1/ch6/BRAM/BRAM.sdk/design_1_wrapper_hw_platform_0/ps7_init.tcl' is done.
17:15:00 INFO  : Context for 'APU' is selected.
17:15:00 INFO  : System reset is completed.
17:15:03 INFO  : 'after 3000' command is executed.
17:15:03 INFO  : 'targets -set -filter {jtag_cable_name =~ "Digilent JTAG-HS2 201809055318" && level==0} -index 1' command is executed.
17:15:05 INFO  : FPGA configured successfully with bitstream "C:/Users/sajja/OneDrive/Desktop/Taksun_zynq_1/ch6/BRAM/BRAM.sdk/design_1_wrapper_hw_platform_0/design_1_wrapper.bit"
17:15:05 INFO  : Context for 'APU' is selected.
17:15:07 INFO  : Hardware design information is loaded from 'C:/Users/sajja/OneDrive/Desktop/Taksun_zynq_1/ch6/BRAM/BRAM.sdk/design_1_wrapper_hw_platform_0/system.hdf'.
17:15:07 INFO  : 'configparams force-mem-access 1' command is executed.
17:15:07 INFO  : Context for 'APU' is selected.
17:15:08 INFO  : 'ps7_init' command is executed.
17:15:08 INFO  : 'ps7_post_config' command is executed.
17:15:08 INFO  : Context for processor 'ps7_cortexa9_0' is selected.
17:15:08 INFO  : The application 'C:/Users/sajja/OneDrive/Desktop/Taksun_zynq_1/ch6/BRAM/BRAM.sdk/bram/Debug/bram.elf' is downloaded to processor 'ps7_cortexa9_0'.
17:15:08 INFO  : 'configparams force-mem-access 0' command is executed.
17:15:08 INFO  : ----------------XSDB Script----------------
connect -url tcp:127.0.0.1:3121
source C:/Users/sajja/OneDrive/Desktop/Taksun_zynq_1/ch6/BRAM/BRAM.sdk/design_1_wrapper_hw_platform_0/ps7_init.tcl
targets -set -nocase -filter {name =~"APU*" && jtag_cable_name =~ "Digilent JTAG-HS2 201809055318"} -index 0
rst -system
after 3000
targets -set -filter {jtag_cable_name =~ "Digilent JTAG-HS2 201809055318" && level==0} -index 1
fpga -file C:/Users/sajja/OneDrive/Desktop/Taksun_zynq_1/ch6/BRAM/BRAM.sdk/design_1_wrapper_hw_platform_0/design_1_wrapper.bit
targets -set -nocase -filter {name =~"APU*" && jtag_cable_name =~ "Digilent JTAG-HS2 201809055318"} -index 0
loadhw -hw C:/Users/sajja/OneDrive/Desktop/Taksun_zynq_1/ch6/BRAM/BRAM.sdk/design_1_wrapper_hw_platform_0/system.hdf -mem-ranges [list {0x40000000 0xbfffffff}]
configparams force-mem-access 1
targets -set -nocase -filter {name =~"APU*" && jtag_cable_name =~ "Digilent JTAG-HS2 201809055318"} -index 0
ps7_init
ps7_post_config
targets -set -nocase -filter {name =~ "ARM*#0" && jtag_cable_name =~ "Digilent JTAG-HS2 201809055318"} -index 0
dow C:/Users/sajja/OneDrive/Desktop/Taksun_zynq_1/ch6/BRAM/BRAM.sdk/bram/Debug/bram.elf
configparams force-mem-access 0
----------------End of Script----------------

17:15:08 INFO  : Memory regions updated for context APU
17:15:08 INFO  : Context for processor 'ps7_cortexa9_0' is selected.
17:15:08 INFO  : 'con' command is executed.
17:15:08 INFO  : ----------------XSDB Script (After Launch)----------------
targets -set -nocase -filter {name =~ "ARM*#0" && jtag_cable_name =~ "Digilent JTAG-HS2 201809055318"} -index 0
con
----------------End of Script----------------

17:15:08 INFO  : Launch script is exported to file 'C:\Users\sajja\OneDrive\Desktop\Taksun_zynq_1\ch6\BRAM\BRAM.sdk\.sdk\launch_scripts\xilinx_c-c++_application_(system_debugger)\system_debugger_on_local.tcl'
17:15:33 INFO  : Disconnected from the channel tcfchan#2.
17:15:34 INFO  : Connected to target on host '127.0.0.1' and port '3121'.
17:15:34 INFO  : Jtag cable 'Digilent JTAG-HS2 201809055318' is selected.
17:15:34 INFO  : 'jtag frequency' command is executed.
17:15:34 INFO  : Sourcing of 'C:/Users/sajja/OneDrive/Desktop/Taksun_zynq_1/ch6/BRAM/BRAM.sdk/design_1_wrapper_hw_platform_0/ps7_init.tcl' is done.
17:15:34 INFO  : Context for 'APU' is selected.
17:15:34 INFO  : System reset is completed.
17:15:37 INFO  : 'after 3000' command is executed.
17:15:37 INFO  : 'targets -set -filter {jtag_cable_name =~ "Digilent JTAG-HS2 201809055318" && level==0} -index 1' command is executed.
17:15:39 INFO  : FPGA configured successfully with bitstream "C:/Users/sajja/OneDrive/Desktop/Taksun_zynq_1/ch6/BRAM/BRAM.sdk/design_1_wrapper_hw_platform_0/design_1_wrapper.bit"
17:15:39 INFO  : Context for 'APU' is selected.
17:15:41 INFO  : Hardware design information is loaded from 'C:/Users/sajja/OneDrive/Desktop/Taksun_zynq_1/ch6/BRAM/BRAM.sdk/design_1_wrapper_hw_platform_0/system.hdf'.
17:15:41 INFO  : 'configparams force-mem-access 1' command is executed.
17:15:41 INFO  : Context for 'APU' is selected.
17:15:41 INFO  : 'ps7_init' command is executed.
17:15:41 INFO  : 'ps7_post_config' command is executed.
17:15:41 INFO  : Context for processor 'ps7_cortexa9_0' is selected.
17:15:42 INFO  : The application 'C:/Users/sajja/OneDrive/Desktop/Taksun_zynq_1/ch6/BRAM/BRAM.sdk/bram/Debug/bram.elf' is downloaded to processor 'ps7_cortexa9_0'.
17:15:42 INFO  : 'configparams force-mem-access 0' command is executed.
17:15:42 INFO  : ----------------XSDB Script----------------
connect -url tcp:127.0.0.1:3121
source C:/Users/sajja/OneDrive/Desktop/Taksun_zynq_1/ch6/BRAM/BRAM.sdk/design_1_wrapper_hw_platform_0/ps7_init.tcl
targets -set -nocase -filter {name =~"APU*" && jtag_cable_name =~ "Digilent JTAG-HS2 201809055318"} -index 0
rst -system
after 3000
targets -set -filter {jtag_cable_name =~ "Digilent JTAG-HS2 201809055318" && level==0} -index 1
fpga -file C:/Users/sajja/OneDrive/Desktop/Taksun_zynq_1/ch6/BRAM/BRAM.sdk/design_1_wrapper_hw_platform_0/design_1_wrapper.bit
targets -set -nocase -filter {name =~"APU*" && jtag_cable_name =~ "Digilent JTAG-HS2 201809055318"} -index 0
loadhw -hw C:/Users/sajja/OneDrive/Desktop/Taksun_zynq_1/ch6/BRAM/BRAM.sdk/design_1_wrapper_hw_platform_0/system.hdf -mem-ranges [list {0x40000000 0xbfffffff}]
configparams force-mem-access 1
targets -set -nocase -filter {name =~"APU*" && jtag_cable_name =~ "Digilent JTAG-HS2 201809055318"} -index 0
ps7_init
ps7_post_config
targets -set -nocase -filter {name =~ "ARM*#0" && jtag_cable_name =~ "Digilent JTAG-HS2 201809055318"} -index 0
dow C:/Users/sajja/OneDrive/Desktop/Taksun_zynq_1/ch6/BRAM/BRAM.sdk/bram/Debug/bram.elf
configparams force-mem-access 0
----------------End of Script----------------

17:15:42 INFO  : Memory regions updated for context APU
17:15:42 INFO  : Context for processor 'ps7_cortexa9_0' is selected.
17:15:42 INFO  : 'con' command is executed.
17:15:42 INFO  : ----------------XSDB Script (After Launch)----------------
targets -set -nocase -filter {name =~ "ARM*#0" && jtag_cable_name =~ "Digilent JTAG-HS2 201809055318"} -index 0
con
----------------End of Script----------------

17:15:42 INFO  : Launch script is exported to file 'C:\Users\sajja\OneDrive\Desktop\Taksun_zynq_1\ch6\BRAM\BRAM.sdk\.sdk\launch_scripts\xilinx_c-c++_application_(system_debugger)\system_debugger_on_local.tcl'
17:16:45 INFO  : Disconnected from the channel tcfchan#3.
17:16:46 INFO  : Connected to target on host '127.0.0.1' and port '3121'.
17:16:47 INFO  : Jtag cable 'Digilent JTAG-HS2 201809055318' is selected.
17:16:47 INFO  : 'jtag frequency' command is executed.
17:16:47 INFO  : Sourcing of 'C:/Users/sajja/OneDrive/Desktop/Taksun_zynq_1/ch6/BRAM/BRAM.sdk/design_1_wrapper_hw_platform_0/ps7_init.tcl' is done.
17:16:47 INFO  : Context for 'APU' is selected.
17:16:47 INFO  : System reset is completed.
17:16:50 INFO  : 'after 3000' command is executed.
17:16:50 INFO  : 'targets -set -filter {jtag_cable_name =~ "Digilent JTAG-HS2 201809055318" && level==0} -index 1' command is executed.
17:16:52 INFO  : FPGA configured successfully with bitstream "C:/Users/sajja/OneDrive/Desktop/Taksun_zynq_1/ch6/BRAM/BRAM.sdk/design_1_wrapper_hw_platform_0/design_1_wrapper.bit"
17:16:52 INFO  : Context for 'APU' is selected.
17:16:54 INFO  : Hardware design information is loaded from 'C:/Users/sajja/OneDrive/Desktop/Taksun_zynq_1/ch6/BRAM/BRAM.sdk/design_1_wrapper_hw_platform_0/system.hdf'.
17:16:54 INFO  : 'configparams force-mem-access 1' command is executed.
17:16:54 INFO  : Context for 'APU' is selected.
17:16:54 INFO  : 'ps7_init' command is executed.
17:16:54 INFO  : 'ps7_post_config' command is executed.
17:16:54 INFO  : Context for processor 'ps7_cortexa9_0' is selected.
17:16:54 INFO  : The application 'C:/Users/sajja/OneDrive/Desktop/Taksun_zynq_1/ch6/BRAM/BRAM.sdk/bram/Debug/bram.elf' is downloaded to processor 'ps7_cortexa9_0'.
17:16:54 INFO  : 'configparams force-mem-access 0' command is executed.
17:16:54 INFO  : ----------------XSDB Script----------------
connect -url tcp:127.0.0.1:3121
source C:/Users/sajja/OneDrive/Desktop/Taksun_zynq_1/ch6/BRAM/BRAM.sdk/design_1_wrapper_hw_platform_0/ps7_init.tcl
targets -set -nocase -filter {name =~"APU*" && jtag_cable_name =~ "Digilent JTAG-HS2 201809055318"} -index 0
rst -system
after 3000
targets -set -filter {jtag_cable_name =~ "Digilent JTAG-HS2 201809055318" && level==0} -index 1
fpga -file C:/Users/sajja/OneDrive/Desktop/Taksun_zynq_1/ch6/BRAM/BRAM.sdk/design_1_wrapper_hw_platform_0/design_1_wrapper.bit
targets -set -nocase -filter {name =~"APU*" && jtag_cable_name =~ "Digilent JTAG-HS2 201809055318"} -index 0
loadhw -hw C:/Users/sajja/OneDrive/Desktop/Taksun_zynq_1/ch6/BRAM/BRAM.sdk/design_1_wrapper_hw_platform_0/system.hdf -mem-ranges [list {0x40000000 0xbfffffff}]
configparams force-mem-access 1
targets -set -nocase -filter {name =~"APU*" && jtag_cable_name =~ "Digilent JTAG-HS2 201809055318"} -index 0
ps7_init
ps7_post_config
targets -set -nocase -filter {name =~ "ARM*#0" && jtag_cable_name =~ "Digilent JTAG-HS2 201809055318"} -index 0
dow C:/Users/sajja/OneDrive/Desktop/Taksun_zynq_1/ch6/BRAM/BRAM.sdk/bram/Debug/bram.elf
configparams force-mem-access 0
----------------End of Script----------------

17:16:54 INFO  : Memory regions updated for context APU
17:16:54 INFO  : Context for processor 'ps7_cortexa9_0' is selected.
17:16:54 INFO  : 'con' command is executed.
17:16:54 INFO  : ----------------XSDB Script (After Launch)----------------
targets -set -nocase -filter {name =~ "ARM*#0" && jtag_cable_name =~ "Digilent JTAG-HS2 201809055318"} -index 0
con
----------------End of Script----------------

17:16:54 INFO  : Launch script is exported to file 'C:\Users\sajja\OneDrive\Desktop\Taksun_zynq_1\ch6\BRAM\BRAM.sdk\.sdk\launch_scripts\xilinx_c-c++_application_(system_debugger)\system_debugger_on_local.tcl'
17:18:39 INFO  : Disconnected from the channel tcfchan#4.
17:18:40 INFO  : Connected to target on host '127.0.0.1' and port '3121'.
17:18:40 INFO  : Jtag cable 'Digilent JTAG-HS2 201809055318' is selected.
17:18:40 INFO  : 'jtag frequency' command is executed.
17:18:40 INFO  : Sourcing of 'C:/Users/sajja/OneDrive/Desktop/Taksun_zynq_1/ch6/BRAM/BRAM.sdk/design_1_wrapper_hw_platform_0/ps7_init.tcl' is done.
17:18:40 INFO  : Context for 'APU' is selected.
17:18:40 INFO  : System reset is completed.
17:18:43 INFO  : 'after 3000' command is executed.
17:18:43 INFO  : 'targets -set -filter {jtag_cable_name =~ "Digilent JTAG-HS2 201809055318" && level==0} -index 1' command is executed.
17:18:45 INFO  : FPGA configured successfully with bitstream "C:/Users/sajja/OneDrive/Desktop/Taksun_zynq_1/ch6/BRAM/BRAM.sdk/design_1_wrapper_hw_platform_0/design_1_wrapper.bit"
17:18:45 INFO  : Context for 'APU' is selected.
17:18:47 INFO  : Hardware design information is loaded from 'C:/Users/sajja/OneDrive/Desktop/Taksun_zynq_1/ch6/BRAM/BRAM.sdk/design_1_wrapper_hw_platform_0/system.hdf'.
17:18:47 INFO  : 'configparams force-mem-access 1' command is executed.
17:18:47 INFO  : Context for 'APU' is selected.
17:18:47 INFO  : 'ps7_init' command is executed.
17:18:47 INFO  : 'ps7_post_config' command is executed.
17:18:47 INFO  : Context for processor 'ps7_cortexa9_0' is selected.
17:18:47 INFO  : The application 'C:/Users/sajja/OneDrive/Desktop/Taksun_zynq_1/ch6/BRAM/BRAM.sdk/bram/Debug/bram.elf' is downloaded to processor 'ps7_cortexa9_0'.
17:18:47 INFO  : 'configparams force-mem-access 0' command is executed.
17:18:47 INFO  : ----------------XSDB Script----------------
connect -url tcp:127.0.0.1:3121
source C:/Users/sajja/OneDrive/Desktop/Taksun_zynq_1/ch6/BRAM/BRAM.sdk/design_1_wrapper_hw_platform_0/ps7_init.tcl
targets -set -nocase -filter {name =~"APU*" && jtag_cable_name =~ "Digilent JTAG-HS2 201809055318"} -index 0
rst -system
after 3000
targets -set -filter {jtag_cable_name =~ "Digilent JTAG-HS2 201809055318" && level==0} -index 1
fpga -file C:/Users/sajja/OneDrive/Desktop/Taksun_zynq_1/ch6/BRAM/BRAM.sdk/design_1_wrapper_hw_platform_0/design_1_wrapper.bit
targets -set -nocase -filter {name =~"APU*" && jtag_cable_name =~ "Digilent JTAG-HS2 201809055318"} -index 0
loadhw -hw C:/Users/sajja/OneDrive/Desktop/Taksun_zynq_1/ch6/BRAM/BRAM.sdk/design_1_wrapper_hw_platform_0/system.hdf -mem-ranges [list {0x40000000 0xbfffffff}]
configparams force-mem-access 1
targets -set -nocase -filter {name =~"APU*" && jtag_cable_name =~ "Digilent JTAG-HS2 201809055318"} -index 0
ps7_init
ps7_post_config
targets -set -nocase -filter {name =~ "ARM*#0" && jtag_cable_name =~ "Digilent JTAG-HS2 201809055318"} -index 0
dow C:/Users/sajja/OneDrive/Desktop/Taksun_zynq_1/ch6/BRAM/BRAM.sdk/bram/Debug/bram.elf
configparams force-mem-access 0
----------------End of Script----------------

17:18:48 INFO  : Memory regions updated for context APU
17:18:48 INFO  : Context for processor 'ps7_cortexa9_0' is selected.
17:18:48 INFO  : 'con' command is executed.
17:18:48 INFO  : ----------------XSDB Script (After Launch)----------------
targets -set -nocase -filter {name =~ "ARM*#0" && jtag_cable_name =~ "Digilent JTAG-HS2 201809055318"} -index 0
con
----------------End of Script----------------

17:18:48 INFO  : Launch script is exported to file 'C:\Users\sajja\OneDrive\Desktop\Taksun_zynq_1\ch6\BRAM\BRAM.sdk\.sdk\launch_scripts\xilinx_c-c++_application_(system_debugger)\system_debugger_on_local.tcl'
17:25:20 INFO  : Disconnected from the channel tcfchan#5.
17:25:21 INFO  : Connected to target on host '127.0.0.1' and port '3121'.
17:25:21 INFO  : Jtag cable 'Digilent JTAG-HS2 201809055318' is selected.
17:25:21 INFO  : 'jtag frequency' command is executed.
17:25:21 INFO  : Sourcing of 'C:/Users/sajja/OneDrive/Desktop/Taksun_zynq_1/ch6/BRAM/BRAM.sdk/design_1_wrapper_hw_platform_0/ps7_init.tcl' is done.
17:25:21 INFO  : Context for 'APU' is selected.
17:25:21 INFO  : System reset is completed.
17:25:24 INFO  : 'after 3000' command is executed.
17:25:24 INFO  : 'targets -set -filter {jtag_cable_name =~ "Digilent JTAG-HS2 201809055318" && level==0} -index 1' command is executed.
17:25:26 INFO  : FPGA configured successfully with bitstream "C:/Users/sajja/OneDrive/Desktop/Taksun_zynq_1/ch6/BRAM/BRAM.sdk/design_1_wrapper_hw_platform_0/design_1_wrapper.bit"
17:25:26 INFO  : Context for 'APU' is selected.
17:25:28 INFO  : Hardware design information is loaded from 'C:/Users/sajja/OneDrive/Desktop/Taksun_zynq_1/ch6/BRAM/BRAM.sdk/design_1_wrapper_hw_platform_0/system.hdf'.
17:25:28 INFO  : 'configparams force-mem-access 1' command is executed.
17:25:28 INFO  : Context for 'APU' is selected.
17:25:28 INFO  : 'ps7_init' command is executed.
17:25:28 INFO  : 'ps7_post_config' command is executed.
17:25:28 INFO  : Context for processor 'ps7_cortexa9_0' is selected.
17:25:29 INFO  : The application 'C:/Users/sajja/OneDrive/Desktop/Taksun_zynq_1/ch6/BRAM/BRAM.sdk/bram/Debug/bram.elf' is downloaded to processor 'ps7_cortexa9_0'.
17:25:29 INFO  : 'configparams force-mem-access 0' command is executed.
17:25:29 INFO  : ----------------XSDB Script----------------
connect -url tcp:127.0.0.1:3121
source C:/Users/sajja/OneDrive/Desktop/Taksun_zynq_1/ch6/BRAM/BRAM.sdk/design_1_wrapper_hw_platform_0/ps7_init.tcl
targets -set -nocase -filter {name =~"APU*" && jtag_cable_name =~ "Digilent JTAG-HS2 201809055318"} -index 0
rst -system
after 3000
targets -set -filter {jtag_cable_name =~ "Digilent JTAG-HS2 201809055318" && level==0} -index 1
fpga -file C:/Users/sajja/OneDrive/Desktop/Taksun_zynq_1/ch6/BRAM/BRAM.sdk/design_1_wrapper_hw_platform_0/design_1_wrapper.bit
targets -set -nocase -filter {name =~"APU*" && jtag_cable_name =~ "Digilent JTAG-HS2 201809055318"} -index 0
loadhw -hw C:/Users/sajja/OneDrive/Desktop/Taksun_zynq_1/ch6/BRAM/BRAM.sdk/design_1_wrapper_hw_platform_0/system.hdf -mem-ranges [list {0x40000000 0xbfffffff}]
configparams force-mem-access 1
targets -set -nocase -filter {name =~"APU*" && jtag_cable_name =~ "Digilent JTAG-HS2 201809055318"} -index 0
ps7_init
ps7_post_config
targets -set -nocase -filter {name =~ "ARM*#0" && jtag_cable_name =~ "Digilent JTAG-HS2 201809055318"} -index 0
dow C:/Users/sajja/OneDrive/Desktop/Taksun_zynq_1/ch6/BRAM/BRAM.sdk/bram/Debug/bram.elf
configparams force-mem-access 0
----------------End of Script----------------

17:25:29 INFO  : Memory regions updated for context APU
17:25:29 INFO  : Context for processor 'ps7_cortexa9_0' is selected.
17:25:29 INFO  : 'con' command is executed.
17:25:29 INFO  : ----------------XSDB Script (After Launch)----------------
targets -set -nocase -filter {name =~ "ARM*#0" && jtag_cable_name =~ "Digilent JTAG-HS2 201809055318"} -index 0
con
----------------End of Script----------------

17:25:29 INFO  : Launch script is exported to file 'C:\Users\sajja\OneDrive\Desktop\Taksun_zynq_1\ch6\BRAM\BRAM.sdk\.sdk\launch_scripts\xilinx_c-c++_application_(system_debugger)\system_debugger_on_local.tcl'
17:58:34 INFO  : Disconnected from the channel tcfchan#6.
