#-----------------------------------------------------------
# Webtalk v2019.1 (64-bit)
# SW Build 2552052 on Fri May 24 14:49:42 MDT 2019
# 
# Start of session at: Mon Jul 22 03:34:13 2024
# Process ID: 2544
# Current directory: E:/Projects/ZYNQ_Taksun/PRJ_3/ddr_boot/ddr_boot.sdk/webtalk
# Command line: wbtcv.exe -mode batch -source sdk_webtalk.tcl
# Log file: E:/Projects/ZYNQ_Taksun/PRJ_3/ddr_boot/ddr_boot.sdk/webtalk/webtalk.log
# Journal file: E:/Projects/ZYNQ_Taksun/PRJ_3/ddr_boot/ddr_boot.sdk/webtalk\webtalk.jou
#-----------------------------------------------------------
source sdk_webtalk.tcl
# webtalk_init -webtalk_dir E:\\Projects\\ZYNQ_Taksun\\PRJ_3\\ddr_boot\\ddr_boot.sdk\\webtalk
# webtalk_register_client -client project
# webtalk_add_data -client project -key date_generated -value "2024-07-22 04:34:12" -context "software_version_and_target_device"
# webtalk_add_data -client project -key product_version -value "SDK v2019.1" -context "software_version_and_target_device"
# webtalk_add_data -client project -key build_version -value "2019.1" -context "software_version_and_target_device"
# webtalk_add_data -client project -key os_platform -value "amd64" -context "software_version_and_target_device"
# webtalk_add_data -client project -key registration_id -value "" -context "software_version_and_target_device"
# webtalk_add_data -client project -key tool_flow -value "SDK" -context "software_version_and_target_device"
# webtalk_add_data -client project -key beta -value "false" -context "software_version_and_target_device"
# webtalk_add_data -client project -key route_design -value "NA" -context "software_version_and_target_device"
# webtalk_add_data -client project -key target_family -value "NA" -context "software_version_and_target_device"
# webtalk_add_data -client project -key target_device -value "NA" -context "software_version_and_target_device"
# webtalk_add_data -client project -key target_package -value "NA" -context "software_version_and_target_device"
# webtalk_add_data -client project -key target_speed -value "NA" -context "software_version_and_target_device"
# webtalk_add_data -client project -key random_id -value "s7o1l56kego57mbtb8oafn5i20" -context "software_version_and_target_device"
# webtalk_add_data -client project -key project_id -value "2019.1_2" -context "software_version_and_target_device"
# webtalk_add_data -client project -key project_iteration -value "2" -context "software_version_and_target_device"
# webtalk_add_data -client project -key os_name -value "Microsoft Windows 8 or later , 64-bit" -context "user_environment"
# webtalk_add_data -client project -key os_release -value "major release  (build 9200)" -context "user_environment"
# webtalk_add_data -client project -key cpu_name -value "11th Gen Intel(R) Core(TM) i9-11900H @ 2.50GHz" -context "user_environment"
# webtalk_add_data -client project -key cpu_speed -value "2496 MHz" -context "user_environment"
# webtalk_add_data -client project -key total_processors -value "1" -context "user_environment"
# webtalk_add_data -client project -key system_ram -value "42.611 GB" -context "user_environment"
# webtalk_register_client -client sdk
# webtalk_add_data -client sdk -key uid -value "1721598355303" -context "sdk\\\\hardware/1721598355303"
# webtalk_add_data -client sdk -key isZynq -value "true" -context "sdk\\\\hardware/1721598355303"
# webtalk_add_data -client sdk -key isZynqMP -value "false" -context "sdk\\\\hardware/1721598355303"
# webtalk_add_data -client sdk -key Processors -value "2" -context "sdk\\\\hardware/1721598355303"
# webtalk_add_data -client sdk -key VivadoVersion -value "2019.1" -context "sdk\\\\hardware/1721598355303"
# webtalk_add_data -client sdk -key Arch -value "zynq" -context "sdk\\\\hardware/1721598355303"
# webtalk_add_data -client sdk -key Device -value "7z020" -context "sdk\\\\hardware/1721598355303"
# webtalk_add_data -client sdk -key IsHandoff -value "true" -context "sdk\\\\hardware/1721598355303"
# webtalk_add_data -client sdk -key os -value "NA" -context "sdk\\\\hardware/1721598355303"
# webtalk_add_data -client sdk -key apptemplate -value "NA" -context "sdk\\\\hardware/1721598355303"
# webtalk_add_data -client sdk -key RecordType -value "HWCreation" -context "sdk\\\\hardware/1721598355303"
# webtalk_add_data -client sdk -key uid -value "1721598726843" -context "sdk\\\\bsp/1721598726843"
# webtalk_add_data -client sdk -key hwid -value "0" -context "sdk\\\\bsp/1721598726843"
# webtalk_add_data -client sdk -key os -value "standalone" -context "sdk\\\\bsp/1721598726843"
# webtalk_add_data -client sdk -key apptemplate -value "null" -context "sdk\\\\bsp/1721598726843"
# webtalk_add_data -client sdk -key RecordType -value "BSPCreation" -context "sdk\\\\bsp/1721598726843"
# webtalk_add_data -client sdk -key uid -value "1721599250756" -context "sdk\\\\bsp/1721599250756"
# webtalk_add_data -client sdk -key hwid -value "0" -context "sdk\\\\bsp/1721599250756"
# webtalk_add_data -client sdk -key os -value "standalone" -context "sdk\\\\bsp/1721599250756"
# webtalk_add_data -client sdk -key apptemplate -value "hello_world" -context "sdk\\\\bsp/1721599250756"
# webtalk_add_data -client sdk -key RecordType -value "BSPCreation" -context "sdk\\\\bsp/1721599250756"
# webtalk_add_data -client sdk -key uid -value "1721599252007" -context "sdk\\\\application/1721599252007"
# webtalk_add_data -client sdk -key hwid -value "0" -context "sdk\\\\application/1721599252007"
# webtalk_add_data -client sdk -key bspid -value "1721599250756" -context "sdk\\\\application/1721599252007"
# webtalk_add_data -client sdk -key newbsp -value "true" -context "sdk\\\\application/1721599252007"
# webtalk_add_data -client sdk -key os -value "standalone" -context "sdk\\\\application/1721599252007"
# webtalk_add_data -client sdk -key apptemplate -value "hello_world" -context "sdk\\\\application/1721599252007"
# webtalk_add_data -client sdk -key RecordType -value "APPCreation" -context "sdk\\\\application/1721599252007"
# webtalk_add_data -client sdk -key LangUsed -value "C" -context "sdk\\\\application/1721599252007"
# webtalk_add_data -client sdk -key Procused -value "ps7_cortexa9" -context "sdk\\\\application/1721599252007"
# webtalk_add_data -client sdk -key uid -value "1721599377457" -context "sdk\\\\application/1721599377457"
# webtalk_add_data -client sdk -key hwid -value "0" -context "sdk\\\\application/1721599377457"
# webtalk_add_data -client sdk -key bspid -value "1721598726843" -context "sdk\\\\application/1721599377457"
# webtalk_add_data -client sdk -key newbsp -value "false" -context "sdk\\\\application/1721599377457"
# webtalk_add_data -client sdk -key os -value "standalone" -context "sdk\\\\application/1721599377457"
# webtalk_add_data -client sdk -key apptemplate -value "hello_world" -context "sdk\\\\application/1721599377457"
# webtalk_add_data -client sdk -key RecordType -value "APPCreation" -context "sdk\\\\application/1721599377457"
# webtalk_add_data -client sdk -key LangUsed -value "C" -context "sdk\\\\application/1721599377457"
# webtalk_add_data -client sdk -key Procused -value "ps7_cortexa9" -context "sdk\\\\application/1721599377457"
# webtalk_add_data -client sdk -key projSize -value "281.1640625" -context "sdk\\\\application/1721599377457"
# webtalk_add_data -client sdk -key uid -value "NA" -context "sdk\\\\bsp/1721606652150"
# webtalk_add_data -client sdk -key RecordType -value "ToolUsage" -context "sdk\\\\bsp/1721606652150"
# webtalk_add_data -client sdk -key BootgenCount -value "0" -context "sdk\\\\bsp/1721606652150"
# webtalk_add_data -client sdk -key DebugCount -value "0" -context "sdk\\\\bsp/1721606652150"
# webtalk_add_data -client sdk -key PerfCount -value "0" -context "sdk\\\\bsp/1721606652150"
# webtalk_add_data -client sdk -key FlashCount -value "0" -context "sdk\\\\bsp/1721606652150"
# webtalk_add_data -client sdk -key CrossTriggCount -value "0" -context "sdk\\\\bsp/1721606652150"
# webtalk_add_data -client sdk -key QemuDebugCount -value "0" -context "sdk\\\\bsp/1721606652150"
# webtalk_transmit -clientid 857950895 -regid "" -xml E:\\Projects\\ZYNQ_Taksun\\PRJ_3\\ddr_boot\\ddr_boot.sdk\\webtalk\\usage_statistics_ext_sdk.xml -html E:\\Projects\\ZYNQ_Taksun\\PRJ_3\\ddr_boot\\ddr_boot.sdk\\webtalk\\usage_statistics_ext_sdk.html -wdm E:\\Projects\\ZYNQ_Taksun\\PRJ_3\\ddr_boot\\ddr_boot.sdk\\webtalk\\sdk_webtalk.wdm -intro "<H3>SDK Usage Report</H3><BR>"
# webtalk_terminate
INFO: [Common 17-206] Exiting Webtalk at Mon Jul 22 03:35:22 2024...
