#-----------------------------------------------------------
# Webtalk v2019.1 (64-bit)
# SW Build 2552052 on Fri May 24 14:49:42 MDT 2019
# 
# Start of session at: Mon Jul 22 18:47:22 2024
# Process ID: 22256
# Current directory: D:/Projects/ZYNQ_Taksun/PRJ_3/ddr_boot/ddr_boot.sdk/webtalk
# Command line: wbtcv.exe -mode batch -source sdk_webtalk.tcl
# Log file: D:/Projects/ZYNQ_Taksun/PRJ_3/ddr_boot/ddr_boot.sdk/webtalk/webtalk.log
# Journal file: D:/Projects/ZYNQ_Taksun/PRJ_3/ddr_boot/ddr_boot.sdk/webtalk\webtalk.jou
#-----------------------------------------------------------
source sdk_webtalk.tcl
# webtalk_init -webtalk_dir D:\\Projects\\ZYNQ_Taksun\\PRJ_3\\ddr_boot\\ddr_boot.sdk\\webtalk
# webtalk_register_client -client project
# webtalk_add_data -client project -key date_generated -value "2024-07-22 19:47:20" -context "software_version_and_target_device"
# webtalk_add_data -client project -key product_version -value "SDK v2019.1" -context "software_version_and_target_device"
# webtalk_add_data -client project -key build_version -value "2019.1" -context "software_version_and_target_device"
# webtalk_add_data -client project -key os_platform -value "amd64" -context "software_version_and_target_device"
# webtalk_add_data -client project -key registration_id -value "" -context "software_version_and_target_device"
# webtalk_add_data -client project -key tool_flow -value "SDK" -context "software_version_and_target_device"
# webtalk_add_data -client project -key beta -value "false" -context "software_version_and_target_device"
# webtalk_add_data -client project -key route_design -value "NA" -context "software_version_and_target_device"
# webtalk_add_data -client project -key target_family -value "NA" -context "software_version_and_target_device"
# webtalk_add_data -client project -key target_device -value "NA" -context "software_version_and_target_device"
# webtalk_add_data -client project -key target_package -value "NA" -context "software_version_and_target_device"
# webtalk_add_data -client project -key target_speed -value "NA" -context "software_version_and_target_device"
# webtalk_add_data -client project -key random_id -value "hqukvsmfi53v8546cnij9lkp4o" -context "software_version_and_target_device"
# webtalk_add_data -client project -key project_id -value "2019.1_4" -context "software_version_and_target_device"
# webtalk_add_data -client project -key project_iteration -value "4" -context "software_version_and_target_device"
# webtalk_add_data -client project -key os_name -value "Microsoft Windows 8 or later , 64-bit" -context "user_environment"
# webtalk_add_data -client project -key os_release -value "major release  (build 9200)" -context "user_environment"
# webtalk_add_data -client project -key cpu_name -value "11th Gen Intel(R) Core(TM) i9-11900H @ 2.50GHz" -context "user_environment"
# webtalk_add_data -client project -key cpu_speed -value "2496 MHz" -context "user_environment"
# webtalk_add_data -client project -key total_processors -value "1" -context "user_environment"
# webtalk_add_data -client project -key system_ram -value "42.611 GB" -context "user_environment"
# webtalk_register_client -client sdk
# webtalk_add_data -client sdk -key uid -value "1721638494665" -context "sdk\\\\bsp/1721638494665"
# webtalk_add_data -client sdk -key hwid -value "0" -context "sdk\\\\bsp/1721638494665"
# webtalk_add_data -client sdk -key os -value "standalone" -context "sdk\\\\bsp/1721638494665"
# webtalk_add_data -client sdk -key apptemplate -value "null" -context "sdk\\\\bsp/1721638494665"
# webtalk_add_data -client sdk -key RecordType -value "BSPCreation" -context "sdk\\\\bsp/1721638494665"
# webtalk_add_data -client sdk -key uid -value "1721639722030" -context "sdk\\\\application/1721639722030"
# webtalk_add_data -client sdk -key hwid -value "0" -context "sdk\\\\application/1721639722030"
# webtalk_add_data -client sdk -key bspid -value "1721638494665" -context "sdk\\\\application/1721639722030"
# webtalk_add_data -client sdk -key newbsp -value "false" -context "sdk\\\\application/1721639722030"
# webtalk_add_data -client sdk -key os -value "standalone" -context "sdk\\\\application/1721639722030"
# webtalk_add_data -client sdk -key apptemplate -value "hello_world" -context "sdk\\\\application/1721639722030"
# webtalk_add_data -client sdk -key RecordType -value "APPCreation" -context "sdk\\\\application/1721639722030"
# webtalk_add_data -client sdk -key LangUsed -value "C" -context "sdk\\\\application/1721639722030"
# webtalk_add_data -client sdk -key Procused -value "ps7_cortexa9" -context "sdk\\\\application/1721639722030"
# webtalk_add_data -client sdk -key projSize -value "281.30859375" -context "sdk\\\\application/1721639722030"
# webtalk_add_data -client sdk -key uid -value "1721649618451" -context "sdk\\\\application/1721649618451"
# webtalk_add_data -client sdk -key hwid -value "0" -context "sdk\\\\application/1721649618451"
# webtalk_add_data -client sdk -key bspid -value "1721638494665" -context "sdk\\\\application/1721649618451"
# webtalk_add_data -client sdk -key newbsp -value "false" -context "sdk\\\\application/1721649618451"
# webtalk_add_data -client sdk -key os -value "standalone" -context "sdk\\\\application/1721649618451"
# webtalk_add_data -client sdk -key apptemplate -value "zynq_fsbl" -context "sdk\\\\application/1721649618451"
# webtalk_add_data -client sdk -key RecordType -value "APPCreation" -context "sdk\\\\application/1721649618451"
# webtalk_add_data -client sdk -key LangUsed -value "C" -context "sdk\\\\application/1721649618451"
# webtalk_add_data -client sdk -key Procused -value "ps7_cortexa9" -context "sdk\\\\application/1721649618451"
# webtalk_add_data -client sdk -key projSize -value "711.58984375" -context "sdk\\\\application/1721649618451"
# webtalk_add_data -client sdk -key uid -value "1721650387168" -context "sdk\\\\application/1721650387168"
# webtalk_add_data -client sdk -key hwid -value "0" -context "sdk\\\\application/1721650387168"
# webtalk_add_data -client sdk -key bspid -value "1721638494665" -context "sdk\\\\application/1721650387168"
# webtalk_add_data -client sdk -key newbsp -value "false" -context "sdk\\\\application/1721650387168"
# webtalk_add_data -client sdk -key os -value "standalone" -context "sdk\\\\application/1721650387168"
# webtalk_add_data -client sdk -key apptemplate -value "zynq_fsbl" -context "sdk\\\\application/1721650387168"
# webtalk_add_data -client sdk -key RecordType -value "APPCreation" -context "sdk\\\\application/1721650387168"
# webtalk_add_data -client sdk -key LangUsed -value "C" -context "sdk\\\\application/1721650387168"
# webtalk_add_data -client sdk -key Procused -value "ps7_cortexa9" -context "sdk\\\\application/1721650387168"
# webtalk_add_data -client sdk -key projSize -value "711.58984375" -context "sdk\\\\application/1721650387168"
# webtalk_add_data -client sdk -key uid -value "NA" -context "sdk\\\\bsp/1721661440943"
# webtalk_add_data -client sdk -key RecordType -value "ToolUsage" -context "sdk\\\\bsp/1721661440943"
# webtalk_add_data -client sdk -key BootgenCount -value "2" -context "sdk\\\\bsp/1721661440943"
# webtalk_add_data -client sdk -key DebugCount -value "1" -context "sdk\\\\bsp/1721661440943"
# webtalk_add_data -client sdk -key PerfCount -value "0" -context "sdk\\\\bsp/1721661440943"
# webtalk_add_data -client sdk -key FlashCount -value "1" -context "sdk\\\\bsp/1721661440943"
# webtalk_add_data -client sdk -key CrossTriggCount -value "0" -context "sdk\\\\bsp/1721661440943"
# webtalk_add_data -client sdk -key QemuDebugCount -value "0" -context "sdk\\\\bsp/1721661440943"
# webtalk_transmit -clientid 3174718630 -regid "" -xml D:\\Projects\\ZYNQ_Taksun\\PRJ_3\\ddr_boot\\ddr_boot.sdk\\webtalk\\usage_statistics_ext_sdk.xml -html D:\\Projects\\ZYNQ_Taksun\\PRJ_3\\ddr_boot\\ddr_boot.sdk\\webtalk\\usage_statistics_ext_sdk.html -wdm D:\\Projects\\ZYNQ_Taksun\\PRJ_3\\ddr_boot\\ddr_boot.sdk\\webtalk\\sdk_webtalk.wdm -intro "<H3>SDK Usage Report</H3><BR>"
# webtalk_terminate
INFO: [Common 17-206] Exiting Webtalk at Mon Jul 22 18:47:24 2024...
