#-----------------------------------------------------------
# Vivado v2019.1 (64-bit)
# SW Build 2552052 on Fri May 24 14:49:42 MDT 2019
# IP Build 2548770 on Fri May 24 18:01:18 MDT 2019
# Start of session at: Thu Jul 18 21:17:18 2024
# Process ID: 24264
# Current directory: E:/Projects/ZYNQ_Taksun/PRJ_2/usart_gpio
# Command line: vivado.exe -gui_launcher_event rodinguilauncherevent18996 E:\Projects\ZYNQ_Taksun\PRJ_2\usart_gpio\usart_gpio.xpr
# Log file: E:/Projects/ZYNQ_Taksun/PRJ_2/usart_gpio/vivado.log
# Journal file: E:/Projects/ZYNQ_Taksun/PRJ_2/usart_gpio\vivado.jou
#-----------------------------------------------------------
start_gui
open_project E:/Projects/ZYNQ_Taksun/PRJ_2/usart_gpio/usart_gpio.xpr
Scanning sources...
Finished scanning sources
INFO: [IP_Flow 19-234] Refreshing IP repositories
INFO: [IP_Flow 19-1704] No user IP repositories specified
INFO: [IP_Flow 19-2313] Loaded Vivado IP repository 'C:/Xilinx/Vivado/2019.1/data/ip'.
open_project: Time (s): cpu = 00:00:04 ; elapsed = 00:00:09 . Memory (MB): peak = 891.082 ; gain = 179.875
update_compile_order -fileset sources_1
open_bd_design {E:/Projects/ZYNQ_Taksun/PRJ_2/usart_gpio/usart_gpio.srcs/sources_1/bd/design_1/design_1.bd}
Adding component instance block -- xilinx.com:ip:processing_system7:5.5 - processing_system7_0
Successfully read diagram <design_1> from BD file <E:/Projects/ZYNQ_Taksun/PRJ_2/usart_gpio/usart_gpio.srcs/sources_1/bd/design_1/design_1.bd>
launch_sdk -workspace E:/Projects/ZYNQ_Taksun/PRJ_2/usart_gpio/usart_gpio.sdk -hwspec E:/Projects/ZYNQ_Taksun/PRJ_2/usart_gpio/usart_gpio.sdk/design_1_wrapper.hdf
INFO: [Vivado 12-393] Launching SDK...
INFO: [Vivado 12-417] Running xsdk -workspace E:/Projects/ZYNQ_Taksun/PRJ_2/usart_gpio/usart_gpio.sdk -hwspec E:/Projects/ZYNQ_Taksun/PRJ_2/usart_gpio/usart_gpio.sdk/design_1_wrapper.hdf
INFO: [Vivado 12-3157] SDK launch initiated. Please check console for any further messages.
exit
INFO: [Common 17-206] Exiting Vivado at Fri Jul 19 18:26:40 2024...
