20:52:03 INFO  : Registering command handlers for SDK TCF services
20:52:03 INFO  : Launching XSCT server: xsct.bat -interactive E:\Projects\ZYNQ_Taksun\PRJ_2\usart_gpio\usart_gpio.sdk\temp_xsdb_launch_script.tcl
20:52:07 INFO  : XSCT server has started successfully.
20:52:07 INFO  : Successfully done setting XSCT server connection channel  
20:52:10 INFO  : Successfully done setting SDK workspace  
20:52:10 INFO  : Processing command line option -hwspec E:/Projects/ZYNQ_Taksun/PRJ_2/usart_gpio/usart_gpio.sdk/design_1_wrapper.hdf.
01:49:54 INFO  : No changes in MSS file content so not generating sources.
03:00:26 INFO  : Connected to target on host '127.0.0.1' and port '3121'.
03:00:44 INFO  : ----------------XSDB Script----------------
connect -url tcp:127.0.0.1:3121
----------------End of Script----------------

03:05:02 INFO  : Connected to target on host '127.0.0.1' and port '3121'.
22:57:50 INFO  : Registering command handlers for SDK TCF services
22:57:51 INFO  : Launching XSCT server: xsct.bat -interactive E:\Projects\ZYNQ_Taksun\PRJ_2\usart_gpio\usart_gpio.sdk\temp_xsdb_launch_script.tcl
22:57:54 INFO  : XSCT server has started successfully.
22:57:54 INFO  : Successfully done setting XSCT server connection channel  
22:57:57 INFO  : Successfully done setting SDK workspace  
22:57:57 INFO  : Processing command line option -hwspec E:/Projects/ZYNQ_Taksun/PRJ_2/usart_gpio/usart_gpio.sdk/design_1_wrapper.hdf.
22:57:57 INFO  : Checking for hwspec changes in the project design_1_wrapper_hw_platform_0.
03:22:26 INFO  : Invoking Bootgen: bootgen -image uart.bif -arch zynq -o E:\Projects\ZYNQ_Taksun\PRJ_2\usart_gpio\usart_gpio.sdk\uart\bootimage\BOOT.bin
03:22:26 INFO  : Creating new bif file E:\Projects\ZYNQ_Taksun\PRJ_2\usart_gpio\usart_gpio.sdk\uart\bootimage\uart.bif
03:22:28 INFO  : Bootgen command execution is done.
03:33:27 INFO  : Example project standalone_bsp_0_xgpiops_polled_example_1 has been created successfully.
